{
  "uid" : "34de4043b3330b2",
  "name" : "Filling out the cooperation form with valid data",
  "fullName" : "tests.test_cooperation_feature.TestCooperationPageFeature#test_form_ready_to_submit",
  "historyId" : "952ae215ebdd80a107c6384fac040d6a",
  "time" : {
    "start" : 1745566907157,
    "stop" : 1745566920003,
    "duration" : 12846
  },
  "status" : "broken",
  "statusMessage" : "selenium.common.exceptions.TimeoutException: Message:",
  "statusTrace" : "self = <test_cooperation_feature.TestCooperationPageFeature object at 0x7f79aa0cb2c0>\n\n    @allure.title(\"Filling out the cooperation form with valid data\")\n    @allure.severity(\"Critical\")\n    @pytest.mark.smoke\n    def test_form_ready_to_submit(self):\n    \n        self.home_page.open()\n        self.home_page.click_cooperation_link()\n>       self.cooperation_page.is_openned()\n\ntests/test_cooperation_feature.py:18: \n_ _ _ _ _ _ _ _ _ _ _ _ _ _ _ _ _ _ _ _ _ _ _ _ _ _ _ _ _ _ _ _ _ _ _ _ _ _ _ _ \nbase/base_page.py:18: in is_openned\n    self.wait.until(EC.url_to_be(self.PAGE_URL))\n_ _ _ _ _ _ _ _ _ _ _ _ _ _ _ _ _ _ _ _ _ _ _ _ _ _ _ _ _ _ _ _ _ _ _ _ _ _ _ _ \n\nself = <selenium.webdriver.support.wait.WebDriverWait (session=\"e1a06b8adce35933ef712bf2b1a5a60a\")>\nmethod = <function url_to_be.<locals>._predicate at 0x7f79a9f13ce0>\nmessage = ''\n\n    def until(self, method: Callable[[D], Union[Literal[False], T]], message: str = \"\") -> T:\n        \"\"\"Wait until the method returns a value that is not False.\n    \n        Calls the method provided with the driver as an argument until the\n        return value does not evaluate to ``False``.\n    \n        Parameters:\n        -----------\n        method: callable(WebDriver)\n            - A callable object that takes a WebDriver instance as an argument.\n    \n        message: str\n            - Optional message for :exc:`TimeoutException`\n    \n        Return:\n        -------\n        object: T\n            - The result of the last call to `method`\n    \n        Raises:\n        -------\n        TimeoutException\n            - If 'method' does not return a truthy value within the WebDriverWait\n            object's timeout\n    \n        Example:\n        --------\n        >>> from selenium.webdriver.common.by import By\n        >>> from selenium.webdriver.support.ui import WebDriverWait\n        >>> from selenium.webdriver.support import expected_conditions as EC\n    \n        # Wait until an element is visible on the page\n        >>> wait = WebDriverWait(driver, 10)\n        >>> element = wait.until(EC.visibility_of_element_located((By.ID, \"exampleId\")))\n        >>> print(element.text)\n        \"\"\"\n        screen = None\n        stacktrace = None\n    \n        end_time = time.monotonic() + self._timeout\n        while True:\n            try:\n                value = method(self._driver)\n                if value:\n                    return value\n            except self._ignored_exceptions as exc:\n                screen = getattr(exc, \"screen\", None)\n                stacktrace = getattr(exc, \"stacktrace\", None)\n            if time.monotonic() > end_time:\n                break\n            time.sleep(self._poll)\n>       raise TimeoutException(message, screen, stacktrace)\nE       selenium.common.exceptions.TimeoutException: Message:\n\n../local/lib/python3.12/site-packages/selenium/webdriver/support/wait.py:146: TimeoutException",
  "flaky" : false,
  "newFailed" : false,
  "beforeStages" : [ {
    "name" : "setup",
    "time" : {
      "start" : 1745566907157,
      "stop" : 1745566907157,
      "duration" : 0
    },
    "status" : "passed",
    "steps" : [ ],
    "attachments" : [ ],
    "parameters" : [ ],
    "attachmentsCount" : 0,
    "shouldDisplayMessage" : false,
    "hasContent" : false,
    "stepsCount" : 0
  }, {
    "name" : "driver",
    "time" : {
      "start" : 1745566906795,
      "stop" : 1745566907157,
      "duration" : 362
    },
    "status" : "passed",
    "steps" : [ ],
    "attachments" : [ ],
    "parameters" : [ ],
    "attachmentsCount" : 0,
    "shouldDisplayMessage" : false,
    "hasContent" : false,
    "stepsCount" : 0
  } ],
  "testStage" : {
    "status" : "broken",
    "statusMessage" : "selenium.common.exceptions.TimeoutException: Message:",
    "statusTrace" : "self = <test_cooperation_feature.TestCooperationPageFeature object at 0x7f79aa0cb2c0>\n\n    @allure.title(\"Filling out the cooperation form with valid data\")\n    @allure.severity(\"Critical\")\n    @pytest.mark.smoke\n    def test_form_ready_to_submit(self):\n    \n        self.home_page.open()\n        self.home_page.click_cooperation_link()\n>       self.cooperation_page.is_openned()\n\ntests/test_cooperation_feature.py:18: \n_ _ _ _ _ _ _ _ _ _ _ _ _ _ _ _ _ _ _ _ _ _ _ _ _ _ _ _ _ _ _ _ _ _ _ _ _ _ _ _ \nbase/base_page.py:18: in is_openned\n    self.wait.until(EC.url_to_be(self.PAGE_URL))\n_ _ _ _ _ _ _ _ _ _ _ _ _ _ _ _ _ _ _ _ _ _ _ _ _ _ _ _ _ _ _ _ _ _ _ _ _ _ _ _ \n\nself = <selenium.webdriver.support.wait.WebDriverWait (session=\"e1a06b8adce35933ef712bf2b1a5a60a\")>\nmethod = <function url_to_be.<locals>._predicate at 0x7f79a9f13ce0>\nmessage = ''\n\n    def until(self, method: Callable[[D], Union[Literal[False], T]], message: str = \"\") -> T:\n        \"\"\"Wait until the method returns a value that is not False.\n    \n        Calls the method provided with the driver as an argument until the\n        return value does not evaluate to ``False``.\n    \n        Parameters:\n        -----------\n        method: callable(WebDriver)\n            - A callable object that takes a WebDriver instance as an argument.\n    \n        message: str\n            - Optional message for :exc:`TimeoutException`\n    \n        Return:\n        -------\n        object: T\n            - The result of the last call to `method`\n    \n        Raises:\n        -------\n        TimeoutException\n            - If 'method' does not return a truthy value within the WebDriverWait\n            object's timeout\n    \n        Example:\n        --------\n        >>> from selenium.webdriver.common.by import By\n        >>> from selenium.webdriver.support.ui import WebDriverWait\n        >>> from selenium.webdriver.support import expected_conditions as EC\n    \n        # Wait until an element is visible on the page\n        >>> wait = WebDriverWait(driver, 10)\n        >>> element = wait.until(EC.visibility_of_element_located((By.ID, \"exampleId\")))\n        >>> print(element.text)\n        \"\"\"\n        screen = None\n        stacktrace = None\n    \n        end_time = time.monotonic() + self._timeout\n        while True:\n            try:\n                value = method(self._driver)\n                if value:\n                    return value\n            except self._ignored_exceptions as exc:\n                screen = getattr(exc, \"screen\", None)\n                stacktrace = getattr(exc, \"stacktrace\", None)\n            if time.monotonic() > end_time:\n                break\n            time.sleep(self._poll)\n>       raise TimeoutException(message, screen, stacktrace)\nE       selenium.common.exceptions.TimeoutException: Message:\n\n../local/lib/python3.12/site-packages/selenium/webdriver/support/wait.py:146: TimeoutException",
    "steps" : [ {
      "name" : "Open https://rootcode.ru page",
      "time" : {
        "start" : 1745566907157,
        "stop" : 1745566909911,
        "duration" : 2754
      },
      "status" : "passed",
      "steps" : [ ],
      "attachments" : [ ],
      "parameters" : [ ],
      "attachmentsCount" : 0,
      "shouldDisplayMessage" : false,
      "hasContent" : false,
      "stepsCount" : 0
    }, {
      "name" : "Click on cooperation link",
      "time" : {
        "start" : 1745566909911,
        "stop" : 1745566909969,
        "duration" : 58
      },
      "status" : "passed",
      "steps" : [ ],
      "attachments" : [ ],
      "parameters" : [ ],
      "attachmentsCount" : 0,
      "shouldDisplayMessage" : false,
      "hasContent" : false,
      "stepsCount" : 0
    }, {
      "name" : "Page https://rootcode.ru/pricing is opened",
      "time" : {
        "start" : 1745566909969,
        "stop" : 1745566920003,
        "duration" : 10034
      },
      "status" : "broken",
      "statusMessage" : "selenium.common.exceptions.TimeoutException: Message: \n\n",
      "statusTrace" : "  File \"/usr/workspace/base/base_page.py\", line 18, in is_openned\n    self.wait.until(EC.url_to_be(self.PAGE_URL))\n  File \"/usr/local/lib/python3.12/site-packages/selenium/webdriver/support/wait.py\", line 146, in until\n    raise TimeoutException(message, screen, stacktrace)\n",
      "steps" : [ ],
      "attachments" : [ ],
      "parameters" : [ ],
      "attachmentsCount" : 0,
      "shouldDisplayMessage" : true,
      "hasContent" : true,
      "stepsCount" : 0
    } ],
    "attachments" : [ ],
    "parameters" : [ ],
    "attachmentsCount" : 0,
    "shouldDisplayMessage" : true,
    "hasContent" : true,
    "stepsCount" : 3
  },
  "afterStages" : [ {
    "name" : "driver::0",
    "time" : {
      "start" : 1745566920035,
      "stop" : 1745566920123,
      "duration" : 88
    },
    "status" : "passed",
    "steps" : [ ],
    "attachments" : [ ],
    "parameters" : [ ],
    "attachmentsCount" : 0,
    "shouldDisplayMessage" : false,
    "hasContent" : false,
    "stepsCount" : 0
  } ],
  "labels" : [ {
    "name" : "feature",
    "value" : "Cooperation page functionality"
  }, {
    "name" : "severity",
    "value" : "Critical"
  }, {
    "name" : "tag",
    "value" : "smoke"
  }, {
    "name" : "parentSuite",
    "value" : "tests"
  }, {
    "name" : "suite",
    "value" : "test_cooperation_feature"
  }, {
    "name" : "subSuite",
    "value" : "TestCooperationPageFeature"
  }, {
    "name" : "host",
    "value" : "32d11dc6d9d6"
  }, {
    "name" : "thread",
    "value" : "1-MainThread"
  }, {
    "name" : "framework",
    "value" : "pytest"
  }, {
    "name" : "language",
    "value" : "cpython3"
  }, {
    "name" : "package",
    "value" : "tests.test_cooperation_feature"
  }, {
    "name" : "resultFormat",
    "value" : "allure2"
  } ],
  "parameters" : [ ],
  "links" : [ ],
  "hidden" : false,
  "retry" : false,
  "extra" : {
    "severity" : "critical",
    "retries" : [ ],
    "categories" : [ {
      "name" : "Test defects",
      "matchedStatuses" : [ ],
      "flaky" : false
    } ],
    "history" : {
      "statistic" : {
        "failed" : 0,
        "broken" : 19,
        "skipped" : 0,
        "passed" : 3,
        "unknown" : 0,
        "total" : 22
      },
      "items" : [ {
        "uid" : "b8df4327d1e1e3ea",
        "status" : "broken",
        "statusDetails" : "selenium.common.exceptions.TimeoutException: Message:",
        "time" : {
          "start" : 1745566613952,
          "stop" : 1745566625952,
          "duration" : 12000
        }
      }, {
        "uid" : "f0aaca266ac99fc",
        "status" : "broken",
        "statusDetails" : "selenium.common.exceptions.TimeoutException: Message:",
        "time" : {
          "start" : 1744805341494,
          "stop" : 1744805353694,
          "duration" : 12200
        }
      }, {
        "uid" : "ccdcd4a3f5ed0fa0",
        "status" : "broken",
        "statusDetails" : "selenium.common.exceptions.TimeoutException: Message:",
        "time" : {
          "start" : 1744805139930,
          "stop" : 1744805152419,
          "duration" : 12489
        }
      }, {
        "uid" : "d8dc318cc4da9441",
        "status" : "passed",
        "time" : {
          "start" : 1744804840981,
          "stop" : 1744804845663,
          "duration" : 4682
        }
      }, {
        "uid" : "676ad5c9e6d4eb43",
        "status" : "passed",
        "time" : {
          "start" : 1744804343014,
          "stop" : 1744804349769,
          "duration" : 6755
        }
      }, {
        "uid" : "9929be0abb81d832",
        "status" : "broken",
        "statusDetails" : "selenium.common.exceptions.TimeoutException: Message:",
        "time" : {
          "start" : 1744803736767,
          "stop" : 1744803749048,
          "duration" : 12281
        }
      }, {
        "uid" : "1410fa19d9d57211",
        "status" : "passed",
        "time" : {
          "start" : 1744801897246,
          "stop" : 1744801903057,
          "duration" : 5811
        }
      }, {
        "uid" : "ebc4860720eb9248",
        "status" : "broken",
        "statusDetails" : "TypeError: BasePage.make_screenshot() missing 1 required positional argument: 'screenshot_name'",
        "time" : {
          "start" : 1744800481968,
          "stop" : 1744800485730,
          "duration" : 3762
        }
      }, {
        "uid" : "4cbdeb0b0d4b465b",
        "status" : "broken",
        "statusDetails" : "TypeError: 'NoneType' object is not iterable",
        "time" : {
          "start" : 1744799554813,
          "stop" : 1744799557872,
          "duration" : 3059
        }
      }, {
        "uid" : "ff5bd2f75fd7f1b6",
        "status" : "broken",
        "statusDetails" : "TypeError: 'NoneType' object is not iterable",
        "time" : {
          "start" : 1744798795919,
          "stop" : 1744798799343,
          "duration" : 3424
        }
      }, {
        "uid" : "c5ad7f29902838",
        "status" : "broken",
        "statusDetails" : "selenium.common.exceptions.TimeoutException: Message:",
        "time" : {
          "start" : 1744798483021,
          "stop" : 1744798495078,
          "duration" : 12057
        }
      }, {
        "uid" : "a444fc49d4c3dc7c",
        "status" : "broken",
        "statusDetails" : "selenium.common.exceptions.TimeoutException: Message:",
        "time" : {
          "start" : 1744798279708,
          "stop" : 1744798293505,
          "duration" : 13797
        }
      }, {
        "uid" : "736c5c4ef7bbea71",
        "status" : "broken",
        "statusDetails" : "selenium.common.exceptions.TimeoutException: Message:",
        "time" : {
          "start" : 1744797923489,
          "stop" : 1744797935749,
          "duration" : 12260
        }
      }, {
        "uid" : "9319f38a57d702bd",
        "status" : "broken",
        "statusDetails" : "selenium.common.exceptions.TimeoutException: Message:",
        "time" : {
          "start" : 1744797516478,
          "stop" : 1744797529288,
          "duration" : 12810
        }
      }, {
        "uid" : "5fc1d77e743ecf0a",
        "status" : "broken",
        "statusDetails" : "selenium.common.exceptions.TimeoutException: Message:",
        "time" : {
          "start" : 1744797133260,
          "stop" : 1744797146084,
          "duration" : 12824
        }
      }, {
        "uid" : "b0f31e3e7c9eac6e",
        "status" : "broken",
        "statusDetails" : "selenium.common.exceptions.TimeoutException: Message:",
        "time" : {
          "start" : 1744796702147,
          "stop" : 1744796719980,
          "duration" : 17833
        }
      }, {
        "uid" : "64202f74e8afedc2",
        "status" : "broken",
        "statusDetails" : "selenium.common.exceptions.TimeoutException: Message:",
        "time" : {
          "start" : 1744796144661,
          "stop" : 1744796157554,
          "duration" : 12893
        }
      }, {
        "uid" : "8d7d90dd8429d106",
        "status" : "broken",
        "statusDetails" : "selenium.common.exceptions.TimeoutException: Message:",
        "time" : {
          "start" : 1744795029741,
          "stop" : 1744795042586,
          "duration" : 12845
        }
      }, {
        "uid" : "b57fce1850ff6efe",
        "status" : "broken",
        "statusDetails" : "selenium.common.exceptions.TimeoutException: Message:",
        "time" : {
          "start" : 1744794363402,
          "stop" : 1744794375667,
          "duration" : 12265
        }
      }, {
        "uid" : "1f335d61ba346a5f",
        "status" : "broken",
        "statusDetails" : "selenium.common.exceptions.TimeoutException: Message:",
        "time" : {
          "start" : 1744793548504,
          "stop" : 1744793561850,
          "duration" : 13346
        }
      } ]
    },
    "tags" : [ "smoke" ]
  },
  "source" : "34de4043b3330b2.json",
  "parameterValues" : [ ]
}