{
  "uid" : "9319f38a57d702bd",
  "name" : "Filling out the cooperation form with valid data",
  "fullName" : "tests.test_cooperation_feature.TestCooperationPageFeature#test_form_ready_to_submit",
  "historyId" : "952ae215ebdd80a107c6384fac040d6a",
  "time" : {
    "start" : 1744797516478,
    "stop" : 1744797529288,
    "duration" : 12810
  },
  "status" : "broken",
  "statusMessage" : "selenium.common.exceptions.TimeoutException: Message:",
  "statusTrace" : "self = <test_cooperation_feature.TestCooperationPageFeature object at 0x7f4b039696a0>\n\n    @allure.title(\"Filling out the cooperation form with valid data\")\n    @allure.severity(\"Critical\")\n    @pytest.mark.smoke\n    def test_form_ready_to_submit(self):\n    \n        self.home_page.open()\n>       self.cooperation_page.scroll_to_element(HomePage.COOPERATION_LINK)\n\ntests/test_cooperation_feature.py:17: \n_ _ _ _ _ _ _ _ _ _ _ _ _ _ _ _ _ _ _ _ _ _ _ _ _ _ _ _ _ _ _ _ _ _ _ _ _ _ _ _ \nbase/base_page.py:28: in scroll_to_element\n    element = self.wait.until(EC.presence_of_element_located(locator))\n_ _ _ _ _ _ _ _ _ _ _ _ _ _ _ _ _ _ _ _ _ _ _ _ _ _ _ _ _ _ _ _ _ _ _ _ _ _ _ _ \n\nself = <selenium.webdriver.support.wait.WebDriverWait (session=\"9819b9adc635a3835e61d6940c13bdb0\")>\nmethod = <function presence_of_element_located.<locals>._predicate at 0x7f4b02c4bce0>\nmessage = ''\n\n    def until(self, method: Callable[[D], Union[Literal[False], T]], message: str = \"\") -> T:\n        \"\"\"Wait until the method returns a value that is not False.\n    \n        Calls the method provided with the driver as an argument until the\n        return value does not evaluate to ``False``.\n    \n        Parameters:\n        -----------\n        method: callable(WebDriver)\n            - A callable object that takes a WebDriver instance as an argument.\n    \n        message: str\n            - Optional message for :exc:`TimeoutException`\n    \n        Return:\n        -------\n        object: T\n            - The result of the last call to `method`\n    \n        Raises:\n        -------\n        TimeoutException\n            - If 'method' does not return a truthy value within the WebDriverWait\n            object's timeout\n    \n        Example:\n        --------\n        >>> from selenium.webdriver.common.by import By\n        >>> from selenium.webdriver.support.ui import WebDriverWait\n        >>> from selenium.webdriver.support import expected_conditions as EC\n    \n        # Wait until an element is visible on the page\n        >>> wait = WebDriverWait(driver, 10)\n        >>> element = wait.until(EC.visibility_of_element_located((By.ID, \"exampleId\")))\n        >>> print(element.text)\n        \"\"\"\n        screen = None\n        stacktrace = None\n    \n        end_time = time.monotonic() + self._timeout\n        while True:\n            try:\n                value = method(self._driver)\n                if value:\n                    return value\n            except self._ignored_exceptions as exc:\n                screen = getattr(exc, \"screen\", None)\n                stacktrace = getattr(exc, \"stacktrace\", None)\n            if time.monotonic() > end_time:\n                break\n            time.sleep(self._poll)\n>       raise TimeoutException(message, screen, stacktrace)\nE       selenium.common.exceptions.TimeoutException: Message:\n\n../local/lib/python3.12/site-packages/selenium/webdriver/support/wait.py:146: TimeoutException",
  "flaky" : false,
  "newFailed" : false,
  "beforeStages" : [ {
    "name" : "driver",
    "time" : {
      "start" : 1744797516100,
      "stop" : 1744797516477,
      "duration" : 377
    },
    "status" : "passed",
    "steps" : [ ],
    "attachments" : [ ],
    "parameters" : [ ],
    "attachmentsCount" : 0,
    "shouldDisplayMessage" : false,
    "stepsCount" : 0,
    "hasContent" : false
  }, {
    "name" : "setup",
    "time" : {
      "start" : 1744797516477,
      "stop" : 1744797516477,
      "duration" : 0
    },
    "status" : "passed",
    "steps" : [ ],
    "attachments" : [ ],
    "parameters" : [ ],
    "attachmentsCount" : 0,
    "shouldDisplayMessage" : false,
    "stepsCount" : 0,
    "hasContent" : false
  } ],
  "testStage" : {
    "status" : "broken",
    "statusMessage" : "selenium.common.exceptions.TimeoutException: Message:",
    "statusTrace" : "self = <test_cooperation_feature.TestCooperationPageFeature object at 0x7f4b039696a0>\n\n    @allure.title(\"Filling out the cooperation form with valid data\")\n    @allure.severity(\"Critical\")\n    @pytest.mark.smoke\n    def test_form_ready_to_submit(self):\n    \n        self.home_page.open()\n>       self.cooperation_page.scroll_to_element(HomePage.COOPERATION_LINK)\n\ntests/test_cooperation_feature.py:17: \n_ _ _ _ _ _ _ _ _ _ _ _ _ _ _ _ _ _ _ _ _ _ _ _ _ _ _ _ _ _ _ _ _ _ _ _ _ _ _ _ \nbase/base_page.py:28: in scroll_to_element\n    element = self.wait.until(EC.presence_of_element_located(locator))\n_ _ _ _ _ _ _ _ _ _ _ _ _ _ _ _ _ _ _ _ _ _ _ _ _ _ _ _ _ _ _ _ _ _ _ _ _ _ _ _ \n\nself = <selenium.webdriver.support.wait.WebDriverWait (session=\"9819b9adc635a3835e61d6940c13bdb0\")>\nmethod = <function presence_of_element_located.<locals>._predicate at 0x7f4b02c4bce0>\nmessage = ''\n\n    def until(self, method: Callable[[D], Union[Literal[False], T]], message: str = \"\") -> T:\n        \"\"\"Wait until the method returns a value that is not False.\n    \n        Calls the method provided with the driver as an argument until the\n        return value does not evaluate to ``False``.\n    \n        Parameters:\n        -----------\n        method: callable(WebDriver)\n            - A callable object that takes a WebDriver instance as an argument.\n    \n        message: str\n            - Optional message for :exc:`TimeoutException`\n    \n        Return:\n        -------\n        object: T\n            - The result of the last call to `method`\n    \n        Raises:\n        -------\n        TimeoutException\n            - If 'method' does not return a truthy value within the WebDriverWait\n            object's timeout\n    \n        Example:\n        --------\n        >>> from selenium.webdriver.common.by import By\n        >>> from selenium.webdriver.support.ui import WebDriverWait\n        >>> from selenium.webdriver.support import expected_conditions as EC\n    \n        # Wait until an element is visible on the page\n        >>> wait = WebDriverWait(driver, 10)\n        >>> element = wait.until(EC.visibility_of_element_located((By.ID, \"exampleId\")))\n        >>> print(element.text)\n        \"\"\"\n        screen = None\n        stacktrace = None\n    \n        end_time = time.monotonic() + self._timeout\n        while True:\n            try:\n                value = method(self._driver)\n                if value:\n                    return value\n            except self._ignored_exceptions as exc:\n                screen = getattr(exc, \"screen\", None)\n                stacktrace = getattr(exc, \"stacktrace\", None)\n            if time.monotonic() > end_time:\n                break\n            time.sleep(self._poll)\n>       raise TimeoutException(message, screen, stacktrace)\nE       selenium.common.exceptions.TimeoutException: Message:\n\n../local/lib/python3.12/site-packages/selenium/webdriver/support/wait.py:146: TimeoutException",
    "steps" : [ {
      "name" : "Open https://rootcode.ru page",
      "time" : {
        "start" : 1744797516478,
        "stop" : 1744797519165,
        "duration" : 2687
      },
      "status" : "passed",
      "steps" : [ ],
      "attachments" : [ ],
      "parameters" : [ ],
      "attachmentsCount" : 0,
      "shouldDisplayMessage" : false,
      "stepsCount" : 0,
      "hasContent" : false
    } ],
    "attachments" : [ ],
    "parameters" : [ ],
    "attachmentsCount" : 0,
    "shouldDisplayMessage" : true,
    "stepsCount" : 1,
    "hasContent" : true
  },
  "afterStages" : [ {
    "name" : "driver::0",
    "time" : {
      "start" : 1744797529320,
      "stop" : 1744797529405,
      "duration" : 85
    },
    "status" : "passed",
    "steps" : [ ],
    "attachments" : [ ],
    "parameters" : [ ],
    "attachmentsCount" : 0,
    "shouldDisplayMessage" : false,
    "stepsCount" : 0,
    "hasContent" : false
  } ],
  "labels" : [ {
    "name" : "feature",
    "value" : "Cooperation page functionality"
  }, {
    "name" : "severity",
    "value" : "Critical"
  }, {
    "name" : "tag",
    "value" : "smoke"
  }, {
    "name" : "parentSuite",
    "value" : "tests"
  }, {
    "name" : "suite",
    "value" : "test_cooperation_feature"
  }, {
    "name" : "subSuite",
    "value" : "TestCooperationPageFeature"
  }, {
    "name" : "host",
    "value" : "1a157f2d2ec4"
  }, {
    "name" : "thread",
    "value" : "1-MainThread"
  }, {
    "name" : "framework",
    "value" : "pytest"
  }, {
    "name" : "language",
    "value" : "cpython3"
  }, {
    "name" : "package",
    "value" : "tests.test_cooperation_feature"
  }, {
    "name" : "resultFormat",
    "value" : "allure2"
  } ],
  "parameters" : [ ],
  "links" : [ ],
  "hidden" : false,
  "retry" : false,
  "extra" : {
    "severity" : "critical",
    "retries" : [ ],
    "categories" : [ {
      "name" : "Test defects",
      "matchedStatuses" : [ ],
      "flaky" : false
    } ],
    "history" : {
      "statistic" : {
        "failed" : 0,
        "broken" : 8,
        "skipped" : 0,
        "passed" : 0,
        "unknown" : 0,
        "total" : 8
      },
      "items" : [ {
        "uid" : "5fc1d77e743ecf0a",
        "status" : "broken",
        "statusDetails" : "selenium.common.exceptions.TimeoutException: Message:",
        "time" : {
          "start" : 1744797133260,
          "stop" : 1744797146084,
          "duration" : 12824
        }
      }, {
        "uid" : "b0f31e3e7c9eac6e",
        "status" : "broken",
        "statusDetails" : "selenium.common.exceptions.TimeoutException: Message:",
        "time" : {
          "start" : 1744796702147,
          "stop" : 1744796719980,
          "duration" : 17833
        }
      }, {
        "uid" : "64202f74e8afedc2",
        "status" : "broken",
        "statusDetails" : "selenium.common.exceptions.TimeoutException: Message:",
        "time" : {
          "start" : 1744796144661,
          "stop" : 1744796157554,
          "duration" : 12893
        }
      }, {
        "uid" : "8d7d90dd8429d106",
        "status" : "broken",
        "statusDetails" : "selenium.common.exceptions.TimeoutException: Message:",
        "time" : {
          "start" : 1744795029741,
          "stop" : 1744795042586,
          "duration" : 12845
        }
      }, {
        "uid" : "b57fce1850ff6efe",
        "status" : "broken",
        "statusDetails" : "selenium.common.exceptions.TimeoutException: Message:",
        "time" : {
          "start" : 1744794363402,
          "stop" : 1744794375667,
          "duration" : 12265
        }
      }, {
        "uid" : "1f335d61ba346a5f",
        "status" : "broken",
        "statusDetails" : "selenium.common.exceptions.TimeoutException: Message:",
        "time" : {
          "start" : 1744793548504,
          "stop" : 1744793561850,
          "duration" : 13346
        }
      }, {
        "uid" : "846dcefdcffd5ca7",
        "status" : "broken",
        "statusDetails" : "selenium.common.exceptions.WebDriverException: Message: unknown error: Chrome failed to start: exited abnormally.\n  (unknown error: DevToolsActivePort file doesn't exist)\n  (The process started from chrome location /usr/bin/chromium-browser is no longer running, so ChromeDriver is assuming that Chrome has crashed.)",
        "time" : {
          "start" : 1744793178225,
          "stop" : 1744793178225,
          "duration" : 0
        }
      } ]
    },
    "tags" : [ "smoke" ]
  },
  "source" : "9319f38a57d702bd.json",
  "parameterValues" : [ ]
}